# JRE version: OpenJDK Runtime Environment Microsoft-8035246 (17.0.8+7) (build 17.0.8+7-LTS)
# Java VM: OpenJDK 64-Bit Server VM Microsoft-8035246 (17.0.8+7-LTS, mixed mode, sharing, tiered, compressed oops, compressed class ptrs, g1 gc, windows-amd64)
GC Precious Log:
 CPUs: 12 total, 12 available
 Memory: 16310M
 Large Page Support: Disabled
 NUMA Support: Disabled
 Compressed Oops: Enabled (32-bit)
 Heap Region Size: 1M
 Heap Min Capacity: 8M
 Heap Initial Capacity: 256M
 Heap Max Capacity: 2G
 Pre-touch: Disabled
 Parallel Workers: 10
 Concurrent Workers: 3
 Concurrent Refinement Workers: 10
 Periodic GC: Disabled
Heap:
 garbage-first heap   total 403456K, used 336696K [0x0000000080000000, 0x0000000100000000)
  region size 1024K, 3 young (3072K), 3 survivors (3072K)
 Metaspace       used 116614K, committed 118272K, reserved 557056K
  class space    used 15974K, committed 16768K, reserved 425984K
GC Heap History (20 events):
Event: 59.620 GC heap after
{Heap after GC invocations=69 (full 0):
 garbage-first heap   total 335872K, used 265140K [0x0000000080000000, 0x0000000100000000)
  region size 1024K, 4 young (4096K), 4 survivors (4096K)
 Metaspace       used 111090K, committed 112640K, reserved 557056K
  class space    used 15287K, committed 16064K, reserved 425984K
}
Event: 59.735 GC heap before
{Heap before GC invocations=69 (full 0):
 garbage-first heap   total 335872K, used 287668K [0x0000000080000000, 0x0000000100000000)
  region size 1024K, 27 young (27648K), 4 survivors (4096K)
 Metaspace       used 111133K, committed 112704K, reserved 557056K
  class space    used 15290K, committed 16064K, reserved 425984K
}
Event: 59.738 GC heap after
{Heap after GC invocations=70 (full 0):
 garbage-first heap   total 335872K, used 269485K [0x0000000080000000, 0x0000000100000000)
  region size 1024K, 4 young (4096K), 4 survivors (4096K)
 Metaspace       used 111133K, committed 112704K, reserved 557056K
  class space    used 15290K, committed 16064K, reserved 425984K
}
Event: 59.836 GC heap before
{Heap before GC invocations=70 (full 0):
 garbage-first heap   total 335872K, used 289965K [0x0000000080000000, 0x0000000100000000)
  region size 1024K, 24 young (24576K), 4 survivors (4096K)
 Metaspace       used 111183K, committed 112704K, reserved 557056K
  class space    used 15291K, committed 16064K, reserved 425984K
}
Event: 59.840 GC heap after
{Heap after GC invocations=71 (full 0):
 garbage-first heap   total 403456K, used 273483K [0x0000000080000000, 0x0000000100000000)
  region size 1024K, 3 young (3072K), 3 survivors (3072K)
 Metaspace       used 111183K, committed 112704K, reserved 557056K
  class space    used 15291K, committed 16064K, reserved 425984K
}
Event: 60.133 GC heap before
{Heap before GC invocations=71 (full 0):
 garbage-first heap   total 403456K, used 335947K [0x0000000080000000, 0x0000000100000000)
  region size 1024K, 64 young (65536K), 3 survivors (3072K)
 Metaspace       used 111295K, committed 112896K, reserved 557056K
  class space    used 15294K, committed 16064K, reserved 425984K
}
Event: 60.138 GC heap after
{Heap after GC invocations=72 (full 0):
 garbage-first heap   total 403456K, used 284672K [0x0000000080000000, 0x0000000100000000)
  region size 1024K, 8 young (8192K), 8 survivors (8192K)
 Metaspace       used 111295K, committed 112896K, reserved 557056K
  class space    used 15294K, committed 16064K, reserved 425984K
}
Event: 60.381 GC heap before
{Heap before GC invocations=72 (full 0):
 garbage-first heap   total 403456K, used 336896K [0x0000000080000000, 0x0000000100000000)
  region size 1024K, 60 young (61440K), 8 survivors (8192K)
 Metaspace       used 111463K, committed 113024K, reserved 557056K
  class space    used 15299K, committed 16064K, reserved 425984K
}
Event: 60.388 GC heap after
{Heap after GC invocations=73 (full 0):
 garbage-first heap   total 403456K, used 294103K [0x0000000080000000, 0x0000000100000000)
  region size 1024K, 8 young (8192K), 8 survivors (8192K)
 Metaspace       used 111463K, committed 113024K, reserved 557056K
  class space    used 15299K, committed 16064K, reserved 425984K
}
Event: 60.655 GC heap before
{Heap before GC invocations=73 (full 0):
 garbage-first heap   total 403456K, used 340183K [0x0000000080000000, 0x0000000100000000)
  region size 1024K, 53 young (54272K), 8 survivors (8192K)
 Metaspace       used 113191K, committed 114752K, reserved 557056K
  class space    used 15576K, committed 16320K, reserved 425984K
}
Event: 60.663 GC heap after
{Heap after GC invocations=74 (full 0):
 garbage-first heap   total 403456K, used 304071K [0x0000000080000000, 0x0000000100000000)
  region size 1024K, 7 young (7168K), 7 survivors (7168K)
 Metaspace       used 113191K, committed 114752K, reserved 557056K
  class space    used 15576K, committed 16320K, reserved 425984K
}
Event: 61.670 GC heap before
{Heap before GC invocations=74 (full 0):
 garbage-first heap   total 403456K, used 341959K [0x0000000080000000, 0x0000000100000000)
  region size 1024K, 44 young (45056K), 7 survivors (7168K)
 Metaspace       used 116018K, committed 117632K, reserved 557056K
  class space    used 15925K, committed 16704K, reserved 425984K
}
Event: 61.677 GC heap after
{Heap after GC invocations=75 (full 0):
 garbage-first heap   total 403456K, used 312897K [0x0000000080000000, 0x0000000100000000)
  region size 1024K, 6 young (6144K), 6 survivors (6144K)
 Metaspace       used 116018K, committed 117632K, reserved 557056K
  class space    used 15925K, committed 16704K, reserved 425984K
}
Event: 61.860 GC heap before
{Heap before GC invocations=75 (full 0):
 garbage-first heap   total 403456K, used 343617K [0x0000000080000000, 0x0000000100000000)
  region size 1024K, 36 young (36864K), 6 survivors (6144K)
 Metaspace       used 116309K, committed 117888K, reserved 557056K
  class space    used 15947K, committed 16704K, reserved 425984K
}
Event: 61.866 GC heap after
{Heap after GC invocations=76 (full 0):
 garbage-first heap   total 403456K, used 321401K [0x0000000080000000, 0x0000000100000000)
  region size 1024K, 5 young (5120K), 5 survivors (5120K)
 Metaspace       used 116309K, committed 117888K, reserved 557056K
  class space    used 15947K, committed 16704K, reserved 425984K
}
Event: 61.972 GC heap before
{Heap before GC invocations=76 (full 0):
 garbage-first heap   total 403456K, used 345977K [0x0000000080000000, 0x0000000100000000)
  region size 1024K, 29 young (29696K), 5 survivors (5120K)
 Metaspace       used 116384K, committed 117952K, reserved 557056K
  class space    used 15947K, committed 16704K, reserved 425984K
}
Event: 61.977 GC heap after
{Heap after GC invocations=77 (full 0):
 garbage-first heap   total 403456K, used 327347K [0x0000000080000000, 0x0000000100000000)
  region size 1024K, 4 young (4096K), 4 survivors (4096K)
 Metaspace       used 116384K, committed 117952K, reserved 557056K
  class space    used 15947K, committed 16704K, reserved 425984K
}
Event: 62.063 GC heap before
{Heap before GC invocations=77 (full 0):
 garbage-first heap   total 403456K, used 348851K [0x0000000080000000, 0x0000000100000000)
  region size 1024K, 25 young (25600K), 4 survivors (4096K)
 Metaspace       used 116442K, committed 118080K, reserved 557056K
  class space    used 15950K, committed 16768K, reserved 425984K
}
Event: 62.067 GC heap after
{Heap after GC invocations=78 (full 0):
 garbage-first heap   total 403456K, used 332595K [0x0000000080000000, 0x0000000100000000)
  region size 1024K, 4 young (4096K), 4 survivors (4096K)
 Metaspace       used 116442K, committed 118080K, reserved 557056K
  class space    used 15950K, committed 16768K, reserved 425984K
}
Event: 62.149 GC heap before
{Heap before GC invocations=78 (full 0):
 garbage-first heap   total 403456K, used 351027K [0x0000000080000000, 0x0000000100000000)
  region size 1024K, 22 young (22528K), 4 survivors (4096K)
 Metaspace       used 116614K, committed 118272K, reserved 557056K
  class space    used 15974K, committed 16768K, reserved 425984K
}

